{"C:\\Users\\CEllis\\Documents\\flood_map\\map.js": {"path":"C:\\Users\\CEllis\\Documents\\flood_map\\map.js","statementMap":{"0":{"start":{"line":3,"column":12},"end":{"line":3,"column":39}},"1":{"start":{"line":4,"column":20},"end":{"line":4,"column":22}},"2":{"start":{"line":5,"column":18},"end":{"line":5,"column":20}},"3":{"start":{"line":6,"column":24},"end":{"line":6,"column":26}},"4":{"start":{"line":7,"column":9},"end":{"line":7,"column":13}},"5":{"start":{"line":8,"column":14},"end":{"line":8,"column":15}},"6":{"start":{"line":9,"column":22},"end":{"line":9,"column":23}},"7":{"start":{"line":12,"column":13},"end":{"line":12,"column":39}},"8":{"start":{"line":14,"column":18},"end":{"line":14,"column":27}},"9":{"start":{"line":15,"column":4},"end":{"line":40,"column":6}},"10":{"start":{"line":20,"column":8},"end":{"line":38,"column":9}},"11":{"start":{"line":21,"column":10},"end":{"line":25,"column":13}},"12":{"start":{"line":26,"column":26},"end":{"line":29,"column":11}},"13":{"start":{"line":30,"column":23},"end":{"line":35,"column":12}},"14":{"start":{"line":37,"column":10},"end":{"line":37,"column":50}},"15":{"start":{"line":43,"column":2},"end":{"line":43,"column":65}},"16":{"start":{"line":46,"column":2},"end":{"line":46,"column":64}},"17":{"start":{"line":49,"column":2},"end":{"line":51,"column":9}},"18":{"start":{"line":50,"column":4},"end":{"line":50,"column":14}},"19":{"start":{"line":53,"column":2},"end":{"line":57,"column":11}},"20":{"start":{"line":54,"column":4},"end":{"line":56,"column":5}},"21":{"start":{"line":55,"column":6},"end":{"line":55,"column":16}},"22":{"start":{"line":60,"column":0},"end":{"line":71,"column":2}},"23":{"start":{"line":61,"column":2},"end":{"line":70,"column":5}},"24":{"start":{"line":62,"column":4},"end":{"line":62,"column":52}},"25":{"start":{"line":63,"column":4},"end":{"line":69,"column":5}},"26":{"start":{"line":64,"column":6},"end":{"line":68,"column":7}},"27":{"start":{"line":65,"column":8},"end":{"line":65,"column":33}},"28":{"start":{"line":66,"column":8},"end":{"line":66,"column":19}},"29":{"start":{"line":67,"column":8},"end":{"line":67,"column":18}},"30":{"start":{"line":75,"column":2},"end":{"line":83,"column":3}},"31":{"start":{"line":76,"column":21},"end":{"line":76,"column":57}},"32":{"start":{"line":77,"column":4},"end":{"line":77,"column":38}},"33":{"start":{"line":78,"column":4},"end":{"line":78,"column":38}},"34":{"start":{"line":79,"column":4},"end":{"line":79,"column":21}},"35":{"start":{"line":81,"column":4},"end":{"line":81,"column":35}},"36":{"start":{"line":82,"column":4},"end":{"line":82,"column":16}},"37":{"start":{"line":86,"column":0},"end":{"line":191,"column":2}},"38":{"start":{"line":87,"column":13},"end":{"line":87,"column":39}},"39":{"start":{"line":88,"column":2},"end":{"line":190,"column":4}},"40":{"start":{"line":93,"column":6},"end":{"line":93,"column":48}},"41":{"start":{"line":94,"column":28},"end":{"line":94,"column":56}},"42":{"start":{"line":95,"column":21},"end":{"line":95,"column":52}},"43":{"start":{"line":96,"column":22},"end":{"line":96,"column":54}},"44":{"start":{"line":97,"column":6},"end":{"line":101,"column":8}},"45":{"start":{"line":103,"column":24},"end":{"line":103,"column":25}},"46":{"start":{"line":104,"column":25},"end":{"line":104,"column":26}},"47":{"start":{"line":105,"column":23},"end":{"line":105,"column":24}},"48":{"start":{"line":107,"column":6},"end":{"line":112,"column":7}},"49":{"start":{"line":108,"column":8},"end":{"line":111,"column":9}},"50":{"start":{"line":109,"column":10},"end":{"line":109,"column":50}},"51":{"start":{"line":110,"column":10},"end":{"line":110,"column":52}},"52":{"start":{"line":113,"column":6},"end":{"line":113,"column":46}},"53":{"start":{"line":115,"column":6},"end":{"line":188,"column":7}},"54":{"start":{"line":118,"column":8},"end":{"line":133,"column":9}},"55":{"start":{"line":119,"column":10},"end":{"line":122,"column":12}},"56":{"start":{"line":123,"column":15},"end":{"line":133,"column":9}},"57":{"start":{"line":124,"column":10},"end":{"line":127,"column":12}},"58":{"start":{"line":128,"column":15},"end":{"line":133,"column":9}},"59":{"start":{"line":129,"column":10},"end":{"line":132,"column":12}},"60":{"start":{"line":135,"column":8},"end":{"line":184,"column":9}},"61":{"start":{"line":144,"column":23},"end":{"line":149,"column":12}},"62":{"start":{"line":150,"column":10},"end":{"line":150,"column":35}},"63":{"start":{"line":151,"column":10},"end":{"line":154,"column":13}},"64":{"start":{"line":156,"column":24},"end":{"line":156,"column":71}},"65":{"start":{"line":157,"column":10},"end":{"line":157,"column":46}},"66":{"start":{"line":158,"column":23},"end":{"line":158,"column":63}},"67":{"start":{"line":160,"column":12},"end":{"line":162,"column":19}},"68":{"start":{"line":164,"column":29},"end":{"line":166,"column":12}},"69":{"start":{"line":168,"column":10},"end":{"line":170,"column":13}},"70":{"start":{"line":169,"column":12},"end":{"line":169,"column":41}},"71":{"start":{"line":173,"column":10},"end":{"line":183,"column":11}},"72":{"start":{"line":174,"column":12},"end":{"line":182,"column":13}},"73":{"start":{"line":181,"column":14},"end":{"line":181,"column":44}},"74":{"start":{"line":186,"column":8},"end":{"line":186,"column":50}},"75":{"start":{"line":187,"column":8},"end":{"line":187,"column":20}},"76":{"start":{"line":193,"column":0},"end":{"line":203,"column":2}},"77":{"start":{"line":194,"column":2},"end":{"line":201,"column":3}},"78":{"start":{"line":195,"column":4},"end":{"line":200,"column":5}},"79":{"start":{"line":199,"column":6},"end":{"line":199,"column":19}},"80":{"start":{"line":202,"column":2},"end":{"line":202,"column":14}},"81":{"start":{"line":205,"column":0},"end":{"line":205,"column":62}}},"fnMap":{"0":{"name":"initMap","decl":{"start":{"line":11,"column":9},"end":{"line":11,"column":16}},"loc":{"start":{"line":11,"column":19},"end":{"line":58,"column":1}},"line":11},"1":{"name":"codeAddress","decl":{"start":{"line":13,"column":11},"end":{"line":13,"column":22}},"loc":{"start":{"line":13,"column":34},"end":{"line":41,"column":3}},"line":13},"2":{"name":"(anonymous_2)","decl":{"start":{"line":19,"column":6},"end":{"line":19,"column":7}},"loc":{"start":{"line":19,"column":32},"end":{"line":39,"column":7}},"line":19},"3":{"name":"(anonymous_3)","decl":{"start":{"line":49,"column":14},"end":{"line":49,"column":15}},"loc":{"start":{"line":49,"column":20},"end":{"line":51,"column":3}},"line":49},"4":{"name":"(anonymous_4)","decl":{"start":{"line":53,"column":14},"end":{"line":53,"column":15}},"loc":{"start":{"line":53,"column":20},"end":{"line":57,"column":3}},"line":53},"5":{"name":"(anonymous_5)","decl":{"start":{"line":60,"column":10},"end":{"line":60,"column":11}},"loc":{"start":{"line":60,"column":16},"end":{"line":71,"column":1}},"line":60},"6":{"name":"(anonymous_6)","decl":{"start":{"line":61,"column":23},"end":{"line":61,"column":24}},"loc":{"start":{"line":61,"column":36},"end":{"line":70,"column":3}},"line":61},"7":{"name":"getEverything","decl":{"start":{"line":73,"column":15},"end":{"line":73,"column":28}},"loc":{"start":{"line":73,"column":31},"end":{"line":84,"column":1}},"line":73},"8":{"name":"(anonymous_8)","decl":{"start":{"line":86,"column":12},"end":{"line":86,"column":13}},"loc":{"start":{"line":86,"column":34},"end":{"line":191,"column":1}},"line":86},"9":{"name":"(anonymous_9)","decl":{"start":{"line":92,"column":4},"end":{"line":92,"column":5}},"loc":{"start":{"line":92,"column":30},"end":{"line":189,"column":5}},"line":92},"10":{"name":"(anonymous_10)","decl":{"start":{"line":168,"column":38},"end":{"line":168,"column":39}},"loc":{"start":{"line":168,"column":49},"end":{"line":170,"column":11}},"line":168},"11":{"name":"(anonymous_11)","decl":{"start":{"line":193,"column":17},"end":{"line":193,"column":18}},"loc":{"start":{"line":193,"column":47},"end":{"line":203,"column":1}},"line":193}},"branchMap":{"0":{"loc":{"start":{"line":20,"column":8},"end":{"line":38,"column":9}},"type":"if","locations":[{"start":{"line":20,"column":8},"end":{"line":38,"column":9}},{"start":{"line":20,"column":8},"end":{"line":38,"column":9}}],"line":20},"1":{"loc":{"start":{"line":54,"column":4},"end":{"line":56,"column":5}},"type":"if","locations":[{"start":{"line":54,"column":4},"end":{"line":56,"column":5}},{"start":{"line":54,"column":4},"end":{"line":56,"column":5}}],"line":54},"2":{"loc":{"start":{"line":64,"column":6},"end":{"line":68,"column":7}},"type":"if","locations":[{"start":{"line":64,"column":6},"end":{"line":68,"column":7}},{"start":{"line":64,"column":6},"end":{"line":68,"column":7}}],"line":64},"3":{"loc":{"start":{"line":64,"column":10},"end":{"line":64,"column":47}},"type":"binary-expr","locations":[{"start":{"line":64,"column":10},"end":{"line":64,"column":41}},{"start":{"line":64,"column":45},"end":{"line":64,"column":47}}],"line":64},"4":{"loc":{"start":{"line":108,"column":8},"end":{"line":111,"column":9}},"type":"if","locations":[{"start":{"line":108,"column":8},"end":{"line":111,"column":9}},{"start":{"line":108,"column":8},"end":{"line":111,"column":9}}],"line":108},"5":{"loc":{"start":{"line":115,"column":6},"end":{"line":188,"column":7}},"type":"if","locations":[{"start":{"line":115,"column":6},"end":{"line":188,"column":7}},{"start":{"line":115,"column":6},"end":{"line":188,"column":7}}],"line":115},"6":{"loc":{"start":{"line":118,"column":8},"end":{"line":133,"column":9}},"type":"if","locations":[{"start":{"line":118,"column":8},"end":{"line":133,"column":9}},{"start":{"line":118,"column":8},"end":{"line":133,"column":9}}],"line":118},"7":{"loc":{"start":{"line":123,"column":15},"end":{"line":133,"column":9}},"type":"if","locations":[{"start":{"line":123,"column":15},"end":{"line":133,"column":9}},{"start":{"line":123,"column":15},"end":{"line":133,"column":9}}],"line":123},"8":{"loc":{"start":{"line":128,"column":15},"end":{"line":133,"column":9}},"type":"if","locations":[{"start":{"line":128,"column":15},"end":{"line":133,"column":9}},{"start":{"line":128,"column":15},"end":{"line":133,"column":9}}],"line":128},"9":{"loc":{"start":{"line":135,"column":8},"end":{"line":184,"column":9}},"type":"if","locations":[{"start":{"line":135,"column":8},"end":{"line":184,"column":9}},{"start":{"line":135,"column":8},"end":{"line":184,"column":9}}],"line":135},"10":{"loc":{"start":{"line":174,"column":12},"end":{"line":182,"column":13}},"type":"if","locations":[{"start":{"line":174,"column":12},"end":{"line":182,"column":13}},{"start":{"line":174,"column":12},"end":{"line":182,"column":13}}],"line":174},"11":{"loc":{"start":{"line":175,"column":14},"end":{"line":179,"column":56}},"type":"binary-expr","locations":[{"start":{"line":175,"column":14},"end":{"line":176,"column":50}},{"start":{"line":177,"column":14},"end":{"line":178,"column":50}},{"start":{"line":179,"column":14},"end":{"line":179,"column":56}}],"line":175},"12":{"loc":{"start":{"line":195,"column":4},"end":{"line":200,"column":5}},"type":"if","locations":[{"start":{"line":195,"column":4},"end":{"line":200,"column":5}},{"start":{"line":195,"column":4},"end":{"line":200,"column":5}}],"line":195},"13":{"loc":{"start":{"line":196,"column":6},"end":{"line":197,"column":42}},"type":"binary-expr","locations":[{"start":{"line":196,"column":6},"end":{"line":196,"column":42}},{"start":{"line":197,"column":6},"end":{"line":197,"column":42}}],"line":196}},"s":{"0":1,"1":1,"2":1,"3":1,"4":1,"5":1,"6":1,"7":0,"8":0,"9":0,"10":0,"11":0,"12":0,"13":0,"14":0,"15":0,"16":0,"17":0,"18":0,"19":0,"20":0,"21":0,"22":1,"23":0,"24":0,"25":0,"26":0,"27":0,"28":0,"29":0,"30":1,"31":1,"32":1,"33":1,"34":1,"35":0,"36":0,"37":1,"38":0,"39":0,"40":0,"41":0,"42":0,"43":0,"44":0,"45":0,"46":0,"47":0,"48":0,"49":0,"50":0,"51":0,"52":0,"53":0,"54":0,"55":0,"56":0,"57":0,"58":0,"59":0,"60":0,"61":0,"62":0,"63":0,"64":0,"65":0,"66":0,"67":0,"68":0,"69":0,"70":0,"71":0,"72":0,"73":0,"74":0,"75":0,"76":1,"77":2,"78":5,"79":1,"80":1,"81":1},"f":{"0":0,"1":0,"2":0,"3":0,"4":0,"5":0,"6":0,"7":1,"8":0,"9":0,"10":0,"11":2},"b":{"0":[0,0],"1":[0,0],"2":[0,0],"3":[0,0],"4":[0,0],"5":[0,0],"6":[0,0],"7":[0,0],"8":[0,0],"9":[0,0],"10":[0,0],"11":[0,0,0],"12":[1,4],"13":[5,1]},"_coverageSchema":"43e27e138ebf9cfc5966b082cf9a028302ed4184","hash":"bb93163c49cd4fbf96f75174bcd976b4726911c9"}
}
